#
# A fatal error has been detected by the Java Runtime Environment:
#
#  EXCEPTION_ACCESS_VIOLATION (0xc0000005) at pc=0x0000000071cfcd60, pid=2676, tid=0x0000000000000448
#
# JRE version: OpenJDK Runtime Environment (8.0_152-b01) (build 1.8.0_152-release-915-b01)
# Java VM: OpenJDK 64-Bit Server VM (25.152-b01 mixed mode windows-amd64 compressed oops)
# Problematic frame:
# V  [jvm.dll+0x46cd60]
#
# Failed to write core dump. Minidumps are not enabled by default on client versions of Windows
#
# If you would like to submit a bug report, please visit:
#   http://bugreport.java.com/bugreport/crash.jsp
#

---------------  T H R E A D  ---------------

Current thread (0x000000001505d800):  JavaThread "C2 CompilerThread0" daemon [_thread_in_native, id=1096, stack(0x00000000166a0000,0x00000000167a0000)]

siginfo: ExceptionCode=0xc0000005, reading address 0xffffffffffffffff

Registers:
RAX=0x0000000000000000, RBX=0x0000000000000000, RCX=0x0000800072054070, RDX=0x0000000000000000
RSP=0x000000001679c170, RBP=0x0000000000000034, RSI=0x00000000000001a0, RDI=0x000000001679c1c0
R8 =0x0000000000000000, R9 =0x0000000000002165, R10=0x0000000071890000, R11=0x000000001679c090
R12=0x000000000002bce0, R13=0x0000000000000642, R14=0x0000000071890000, R15=0x00000000000003d8
RIP=0x0000000071cfcd60, EFLAGS=0x0000000000010246

Top of Stack: (sp=0x000000001679c170)
0x000000001679c170:   000000001679e950 0000000019c86bf0
0x000000001679c180:   fffffffffffffff8 0000000015014fa0
0x000000001679c190:   0000000000000001 0000000071cf8635
0x000000001679c1a0:   0000000019d48570 0000000000000000
0x000000001679c1b0:   000000001679c2a0 0000000000000001
0x000000001679c1c0:   0000216a00000000 0000000000000004
0x000000001679c1d0:   0000800072054070 0000000000000022
0x000000001679c1e0:   0000000018deafd0 000000000000004a
0x000000001679c1f0:   0000000019acc990 000000001679c590
0x000000001679c200:   0000000015051fb8 0000000015051be0
0x000000001679c210:   000000001679c320 0000000071cc467a
0x000000001679c220:   0000000000000000 0000000015051bd0
0x000000001679c230:   000000001679c590 0000000000000000
0x000000001679c240:   0000000000000002 0000000015051bd0
0x000000001679c250:   00000000192c9240 00000000192cb230
0x000000001679c260:   00000000192d1228 00000000016816f8 

Instructions: (pc=0x0000000071cfcd60)
0x0000000071cfcd40:   48 8b 4f 20 48 39 04 0e 0f 84 9d 00 00 00 48 8b
0x0000000071cfcd50:   0c 0e 33 d2 33 c0 48 89 4f 10 66 0f 1f 44 00 00
0x0000000071cfcd60:   83 3c 08 00 0f 85 36 01 00 00 ff c2 48 83 c0 04
0x0000000071cfcd70:   83 fa 08 72 eb 48 8b 47 30 48 89 44 24 30 48 85 


Register to memory mapping:

RAX=0x0000000000000000 is an unknown value
RBX=0x0000000000000000 is an unknown value
RCX=0x0000800072054070 is an unknown value
RDX=0x0000000000000000 is an unknown value
RSP=0x000000001679c170 is pointing into the stack for thread: 0x000000001505d800
RBP=0x0000000000000034 is an unknown value
RSI=0x00000000000001a0 is an unknown value
RDI=0x000000001679c1c0 is pointing into the stack for thread: 0x000000001505d800
R8 =0x0000000000000000 is an unknown value
R9 =0x0000000000002165 is an unknown value
R10=0x0000000071890000 is an unknown value
R11=0x000000001679c090 is pointing into the stack for thread: 0x000000001505d800
R12=0x000000000002bce0 is an unknown value
R13=0x0000000000000642 is an unknown value
R14=0x0000000071890000 is an unknown value
R15=0x00000000000003d8 is an unknown value


Stack: [0x00000000166a0000,0x00000000167a0000],  sp=0x000000001679c170,  free space=1008k
Native frames: (J=compiled Java code, j=interpreted, Vv=VM code, C=native code)
V  [jvm.dll+0x46cd60]
V  [jvm.dll+0x468635]
V  [jvm.dll+0x43467a]
V  [jvm.dll+0x43f19b]
V  [jvm.dll+0x441a6e]
V  [jvm.dll+0x424b32]
V  [jvm.dll+0x80fa9]
V  [jvm.dll+0x818df]
V  [jvm.dll+0x21d06f]
V  [jvm.dll+0x26d4aa]
C  [msvcr100.dll+0x21d9f]
C  [msvcr100.dll+0x21e3b]
C  [KERNEL32.DLL+0x11fe4]
C  [ntdll.dll+0x6efc1]


Current CompileTask:
C2:   3334  893       4       org.objectweb.asm.ClassReader::a (3587 bytes)


---------------  P R O C E S S  ---------------

Java Threads: ( => current thread )
  0x00000000169cc800 JavaThread "Service Thread" daemon [_thread_blocked, id=7728, stack(0x0000000016da0000,0x0000000016ea0000)]
  0x0000000015054000 JavaThread "C1 CompilerThread2" daemon [_thread_blocked, id=9732, stack(0x00000000168a0000,0x00000000169a0000)]
  0x0000000015060800 JavaThread "C2 CompilerThread1" daemon [_thread_blocked, id=2744, stack(0x00000000167a0000,0x00000000168a0000)]
=>0x000000001505d800 JavaThread "C2 CompilerThread0" daemon [_thread_in_native, id=1096, stack(0x00000000166a0000,0x00000000167a0000)]
  0x000000001505c000 JavaThread "Attach Listener" daemon [_thread_blocked, id=11876, stack(0x00000000165a0000,0x00000000166a0000)]
  0x000000001505b000 JavaThread "Signal Dispatcher" daemon [_thread_blocked, id=9148, stack(0x00000000164a0000,0x00000000165a0000)]
  0x000000001503e800 JavaThread "Finalizer" daemon [_thread_blocked, id=10192, stack(0x00000000162b0000,0x00000000163b0000)]
  0x0000000004ce6800 JavaThread "Reference Handler" daemon [_thread_blocked, id=8320, stack(0x00000000161b0000,0x00000000162b0000)]
  0x0000000004bf6000 JavaThread "main" [_thread_in_native, id=12888, stack(0x0000000004af0000,0x0000000004bf0000)]

Other Threads:
  0x0000000015016000 VMThread [stack: 0x00000000160b0000,0x00000000161b0000] [id=6016]
  0x00000000169cd800 WatcherThread [stack: 0x0000000016ea0000,0x0000000016fa0000] [id=11396]

VM state:not at safepoint (normal execution)

VM Mutex/Monitor currently owned by a thread: None

Heap:
 PSYoungGen      total 18944K, used 6447K [0x00000000feb00000, 0x0000000100000000, 0x0000000100000000)
  eden space 16384K, 23% used [0x00000000feb00000,0x00000000feecc4b8,0x00000000ffb00000)
  from space 2560K, 99% used [0x00000000ffb00000,0x00000000ffd7f9d0,0x00000000ffd80000)
  to   space 2560K, 0% used [0x00000000ffd80000,0x00000000ffd80000,0x0000000100000000)
 ParOldGen       total 44032K, used 5523K [0x00000000fc000000, 0x00000000feb00000, 0x00000000feb00000)
  object space 44032K, 12% used [0x00000000fc000000,0x00000000fc564eb8,0x00000000feb00000)
 Metaspace       used 7846K, capacity 8000K, committed 8192K, reserved 1056768K
  class space    used 900K, capacity 988K, committed 1024K, reserved 1048576K

Card table byte_map: [0x00000000048c0000,0x00000000048f0000] byte_map_base: 0x00000000040e0000

Marking Bits: (ParMarkBitMap*) 0x0000000072053950
 Begin Bits: [0x00000000144b0000, 0x00000000145b0000)
 End Bits:   [0x00000000145b0000, 0x00000000146b0000)

Polling page: 0x00000000009e0000

CodeCache: size=245760Kb used=4099Kb max_used=4111Kb free=241660Kb
 bounds [0x0000000004cf0000, 0x0000000005100000, 0x0000000013cf0000]
 total_blobs=1447 nmethods=1115 adapters=245
 compilation: enabled

Compilation events (10 events):
Event: 3.129 Thread 0x0000000015054000 nmethod 1115 0x00000000050edfd0 code [0x00000000050ee140, 0x00000000050ee3c8]
Event: 3.132 Thread 0x0000000015054000 1116       3       com.google.devtools.build.android.desugar.CoreLibraryRewriter::unprefix (35 bytes)
Event: 3.133 Thread 0x0000000015054000 nmethod 1116 0x00000000050ee490 code [0x00000000050ee620, 0x00000000050eec58]
Event: 3.144 Thread 0x0000000015060800 nmethod 1101 0x00000000050f3110 code [0x00000000050f3360, 0x00000000050f4920]
Event: 3.144 Thread 0x0000000015060800 1111       4       org.objectweb.asm.ClassReader::readUTF8 (60 bytes)
Event: 3.156 Thread 0x0000000015060800 nmethod 1111 0x00000000050f6350 code [0x00000000050f64c0, 0x00000000050f6cf8]
Event: 3.156 Thread 0x0000000015060800 1108       4       org.objectweb.asm.tree.InsnList::accept (23 bytes)
Event: 3.157 Thread 0x0000000015060800 nmethod 1108 0x00000000050f01d0 code [0x00000000050f0300, 0x00000000050f0398]
Event: 3.157 Thread 0x0000000015060800 1102       4       com.google.devtools.build.android.desugar.LongCompareMethodRewriter$LongCompareMethodVisitor::visitMethodInsn (55 bytes)
Event: 3.159 Thread 0x0000000015060800 nmethod 1102 0x00000000050efa90 code [0x00000000050efbe0, 0x00000000050effc8]

GC Heap History (6 events):
Event: 1.629 GC heap before
{Heap before GC invocations=1 (full 0):
 PSYoungGen      total 18944K, used 16384K [0x00000000feb00000, 0x0000000100000000, 0x0000000100000000)
  eden space 16384K, 100% used [0x00000000feb00000,0x00000000ffb00000,0x00000000ffb00000)
  from space 2560K, 0% used [0x00000000ffd80000,0x00000000ffd80000,0x0000000100000000)
  to   space 2560K, 0% used [0x00000000ffb00000,0x00000000ffb00000,0x00000000ffd80000)
 ParOldGen       total 44032K, used 0K [0x00000000fc000000, 0x00000000feb00000, 0x00000000feb00000)
  object space 44032K, 0% used [0x00000000fc000000,0x00000000fc000000,0x00000000feb00000)
 Metaspace       used 6515K, capacity 6674K, committed 6784K, reserved 1056768K
  class space    used 769K, capacity 823K, committed 896K, reserved 1048576K
Event: 1.668 GC heap after
Heap after GC invocations=1 (full 0):
 PSYoungGen      total 18944K, used 2547K [0x00000000feb00000, 0x0000000100000000, 0x0000000100000000)
  eden space 16384K, 0% used [0x00000000feb00000,0x00000000feb00000,0x00000000ffb00000)
  from space 2560K, 99% used [0x00000000ffb00000,0x00000000ffd7cfe8,0x00000000ffd80000)
  to   space 2560K, 0% used [0x00000000ffd80000,0x00000000ffd80000,0x0000000100000000)
 ParOldGen       total 44032K, used 1561K [0x00000000fc000000, 0x00000000feb00000, 0x00000000feb00000)
  object space 44032K, 3% used [0x00000000fc000000,0x00000000fc186490,0x00000000feb00000)
 Metaspace       used 6515K, capacity 6674K, committed 6784K, reserved 1056768K
  class space    used 769K, capacity 823K, committed 896K, reserved 1048576K
}
Event: 2.372 GC heap before
{Heap before GC invocations=2 (full 0):
 PSYoungGen      total 18944K, used 18931K [0x00000000feb00000, 0x0000000100000000, 0x0000000100000000)
  eden space 16384K, 100% used [0x00000000feb00000,0x00000000ffb00000,0x00000000ffb00000)
  from space 2560K, 99% used [0x00000000ffb00000,0x00000000ffd7cfe8,0x00000000ffd80000)
  to   space 2560K, 0% used [0x00000000ffd80000,0x00000000ffd80000,0x0000000100000000)
 ParOldGen       total 44032K, used 1561K [0x00000000fc000000, 0x00000000feb00000, 0x00000000feb00000)
  object space 44032K, 3% used [0x00000000fc000000,0x00000000fc186490,0x00000000feb00000)
 Metaspace       used 7670K, capacity 7872K, committed 7936K, reserved 1056768K
  class space    used 898K, capacity 988K, committed 1024K, reserved 1048576K
Event: 2.378 GC heap after
Heap after GC invocations=2 (full 0):
 PSYoungGen      total 18944K, used 2531K [0x00000000feb00000, 0x0000000100000000, 0x0000000100000000)
  eden space 16384K, 0% used [0x00000000feb00000,0x00000000feb00000,0x00000000ffb00000)
  from space 2560K, 98% used [0x00000000ffd80000,0x00000000ffff8cb0,0x0000000100000000)
  to   space 2560K, 0% used [0x00000000ffb00000,0x00000000ffb00000,0x00000000ffd80000)
 ParOldGen       total 44032K, used 5451K [0x00000000fc000000, 0x00000000feb00000, 0x00000000feb00000)
  object space 44032K, 12% used [0x00000000fc000000,0x00000000fc552e88,0x00000000feb00000)
 Metaspace       used 7670K, capacity 7872K, committed 7936K, reserved 1056768K
  class space    used 898K, capacity 988K, committed 1024K, reserved 1048576K
}
Event: 3.034 GC heap before
{Heap before GC invocations=3 (full 0):
 PSYoungGen      total 18944K, used 18915K [0x00000000feb00000, 0x0000000100000000, 0x0000000100000000)
  eden space 16384K, 100% used [0x00000000feb00000,0x00000000ffb00000,0x00000000ffb00000)
  from space 2560K, 98% used [0x00000000ffd80000,0x00000000ffff8cb0,0x0000000100000000)
  to   space 2560K, 0% used [0x00000000ffb00000,0x00000000ffb00000,0x00000000ffd80000)
 ParOldGen       total 44032K, used 5451K [0x00000000fc000000, 0x00000000feb00000, 0x00000000feb00000)
  object space 44032K, 12% used [0x00000000fc000000,0x00000000fc552e88,0x00000000feb00000)
 Metaspace       used 7841K, capacity 8000K, committed 8192K, reserved 1056768K
  class space    used 900K, capacity 988K, committed 1024K, reserved 1048576K
Event: 3.105 GC heap after
Heap after GC invocations=3 (full 0):
 PSYoungGen      total 18944K, used 2558K [0x00000000feb00000, 0x0000000100000000, 0x0000000100000000)
  eden space 16384K, 0% used [0x00000000feb00000,0x00000000feb00000,0x00000000ffb00000)
  from space 2560K, 99% used [0x00000000ffb00000,0x00000000ffd7f9d0,0x00000000ffd80000)
  to   space 2560K, 0% used [0x00000000ffd80000,0x00000000ffd80000,0x0000000100000000)
 ParOldGen       total 44032K, used 5523K [0x00000000fc000000, 0x00000000feb00000, 0x00000000feb00000)
  object space 44032K, 12% used [0x00000000fc000000,0x00000000fc564eb8,0x00000000feb00000)
 Metaspace       used 7841K, capacity 8000K, committed 8192K, reserved 1056768K
  class space    used 900K, capacity 988K, committed 1024K, reserved 1048576K
}

Deoptimization events (10 events):
Event: 2.051 Thread 0x0000000004bf6000 Uncommon trap: reason=class_check action=maybe_recompile pc=0x0000000004f23fac method=com.google.common.collect.TransformedIterator.hasNext()Z @ 4
Event: 2.051 Thread 0x0000000004bf6000 Uncommon trap: reason=class_check action=maybe_recompile pc=0x0000000004f2baec method=com.google.common.collect.TransformedIterator.next()Ljava/lang/Object; @ 5
Event: 2.051 Thread 0x0000000004bf6000 Uncommon trap: reason=class_check action=maybe_recompile pc=0x0000000004f0e450 method=com.google.common.collect.Iterators$7.transform(Ljava/lang/Object;)Ljava/lang/Object; @ 5
Event: 2.051 Thread 0x0000000004bf6000 Uncommon trap: reason=class_check action=maybe_recompile pc=0x0000000004f2baec method=com.google.common.collect.TransformedIterator.next()Ljava/lang/Object; @ 5
Event: 2.051 Thread 0x0000000004bf6000 Uncommon trap: reason=class_check action=maybe_recompile pc=0x0000000004f0e450 method=com.google.common.collect.Iterators$7.transform(Ljava/lang/Object;)Ljava/lang/Object; @ 5
Event: 2.269 Thread 0x0000000004bf6000 Uncommon trap: reason=unstable_if action=reinterpret pc=0x0000000004ff4a84 method=java.lang.String.<init>([CII)V @ 18
Event: 2.726 Thread 0x0000000004bf6000 Uncommon trap: reason=unstable_if action=reinterpret pc=0x0000000005018618 method=org.objectweb.asm.Item.a(Lorg/objectweb/asm/Item;)Z @ 345
Event: 3.116 Thread 0x0000000004bf6000 Uncommon trap: reason=unstable_if action=reinterpret pc=0x0000000005048fd4 method=org.objectweb.asm.ClassReader.a(II[C)Ljava/lang/String; @ 77
Event: 3.118 Thread 0x0000000004bf6000 Uncommon trap: reason=unstable_if action=reinterpret pc=0x0000000005019d00 method=org.objectweb.asm.ByteVector.putUTF8(Ljava/lang/String;)Lorg/objectweb/asm/ByteVector; @ 98
Event: 3.122 Thread 0x0000000004bf6000 Uncommon trap: reason=unstable_if action=reinterpret pc=0x00000000050b5938 method=org.objectweb.asm.Item.a(Lorg/objectweb/asm/Item;)Z @ 251

Classes redefined (0 events):
No events

Internal exceptions (10 events):
Event: 1.773 Thread 0x0000000004bf6000 Exception <a 'sun/nio/fs/WindowsException'> (0x00000000ff174120) thrown at [D:\src\AOSP-openjdk-cygwin\jdk8u\hotspot\src\share\vm\prims\jni.cpp, line 709]
Event: 1.816 Thread 0x0000000004bf6000 Exception <a 'sun/nio/fs/WindowsException'> (0x00000000ff179588) thrown at [D:\src\AOSP-openjdk-cygwin\jdk8u\hotspot\src\share\vm\prims\jni.cpp, line 709]
Event: 1.966 Thread 0x0000000004bf6000 Exception <a 'sun/nio/fs/WindowsException'> (0x00000000ff5ffac8) thrown at [D:\src\AOSP-openjdk-cygwin\jdk8u\hotspot\src\share\vm\prims\jni.cpp, line 709]
Event: 1.966 Thread 0x0000000004bf6000 Exception <a 'sun/nio/fs/WindowsException'> (0x00000000ff600078) thrown at [D:\src\AOSP-openjdk-cygwin\jdk8u\hotspot\src\share\vm\prims\jni.cpp, line 709]
Event: 2.293 Thread 0x0000000004bf6000 Exception <a 'sun/nio/fs/WindowsException'> (0x00000000ffa769e0) thrown at [D:\src\AOSP-openjdk-cygwin\jdk8u\hotspot\src\share\vm\prims\jni.cpp, line 709]
Event: 2.299 Thread 0x0000000004bf6000 Exception <a 'sun/nio/fs/WindowsException'> (0x00000000ffa76f10) thrown at [D:\src\AOSP-openjdk-cygwin\jdk8u\hotspot\src\share\vm\prims\jni.cpp, line 709]
Event: 2.362 Thread 0x0000000004bf6000 Exception <a 'sun/nio/fs/WindowsException'> (0x00000000ffa9dd78) thrown at [D:\src\AOSP-openjdk-cygwin\jdk8u\hotspot\src\share\vm\prims\jni.cpp, line 709]
Event: 2.362 Thread 0x0000000004bf6000 Exception <a 'sun/nio/fs/WindowsException'> (0x00000000ffa9e2a8) thrown at [D:\src\AOSP-openjdk-cygwin\jdk8u\hotspot\src\share\vm\prims\jni.cpp, line 709]
Event: 2.870 Thread 0x0000000004bf6000 Exception <a 'sun/nio/fs/WindowsException'> (0x00000000ffa608a8) thrown at [D:\src\AOSP-openjdk-cygwin\jdk8u\hotspot\src\share\vm\prims\jni.cpp, line 709]
Event: 2.870 Thread 0x0000000004bf6000 Exception <a 'sun/nio/fs/WindowsException'> (0x00000000ffa60dd8) thrown at [D:\src\AOSP-openjdk-cygwin\jdk8u\hotspot\src\share\vm\prims\jni.cpp, line 709]

Events (10 events):
Event: 3.118 Thread 0x0000000004bf6000 Uncommon trap: trap_request=0xffffff65 fr.pc=0x0000000005019d00
Event: 3.118 Thread 0x0000000004bf6000 DEOPT PACKING pc=0x0000000005019d00 sp=0x0000000004bee700
Event: 3.118 Thread 0x0000000004bf6000 DEOPT UNPACKING pc=0x0000000004d3556a sp=0x0000000004bee640 mode 2
Event: 3.120 Thread 0x0000000004bf6000 DEOPT PACKING pc=0x0000000004fb2e30 sp=0x0000000004bee990
Event: 3.120 Thread 0x0000000004bf6000 DEOPT UNPACKING pc=0x0000000004d375bf sp=0x0000000004bee6b8 mode 0
Event: 3.122 Thread 0x0000000004bf6000 Uncommon trap: trap_request=0xffffff65 fr.pc=0x00000000050b5938
Event: 3.122 Thread 0x0000000004bf6000 DEOPT PACKING pc=0x00000000050b5938 sp=0x0000000004bee470
Event: 3.122 Thread 0x0000000004bf6000 DEOPT UNPACKING pc=0x0000000004d3556a sp=0x0000000004bee408 mode 2
Event: 3.136 Thread 0x0000000004bf6000 DEOPT PACKING pc=0x0000000004fb2e30 sp=0x0000000004bee990
Event: 3.136 Thread 0x0000000004bf6000 DEOPT UNPACKING pc=0x0000000004d375bf sp=0x0000000004bee6b8 mode 0


Dynamic libraries:
0x00007ff624440000 - 0x00007ff624471000 	C:\Program Files\Android\Android Studio\jre\bin\java.exe
0x00007ff981f50000 - 0x00007ff982130000 	C:\WINDOWS\SYSTEM32\ntdll.dll
0x00007ff980650000 - 0x00007ff9806fe000 	C:\WINDOWS\System32\KERNEL32.DLL
0x00007ff97e3b0000 - 0x00007ff97e616000 	C:\WINDOWS\System32\KERNELBASE.dll
0x00007ff9801d0000 - 0x00007ff980271000 	C:\WINDOWS\System32\ADVAPI32.dll
0x00007ff980130000 - 0x00007ff9801cd000 	C:\WINDOWS\System32\msvcrt.dll
0x00007ff981df0000 - 0x00007ff981e4b000 	C:\WINDOWS\System32\sechost.dll
0x00007ff97f500000 - 0x00007ff97f61f000 	C:\WINDOWS\System32\RPCRT4.dll
0x00007ff97f910000 - 0x00007ff97fa9f000 	C:\WINDOWS\System32\USER32.dll
0x00007ff97f400000 - 0x00007ff97f420000 	C:\WINDOWS\System32\win32u.dll
0x00007ff981cb0000 - 0x00007ff981cd8000 	C:\WINDOWS\System32\GDI32.dll
0x00007ff97e890000 - 0x00007ff97ea23000 	C:\WINDOWS\System32\gdi32full.dll
0x00007ff97e7a0000 - 0x00007ff97e83b000 	C:\WINDOWS\System32\msvcp_win.dll
0x00007ff97e620000 - 0x00007ff97e716000 	C:\WINDOWS\System32\ucrtbase.dll
0x00007ff971d00000 - 0x00007ff971f69000 	C:\WINDOWS\WinSxS\amd64_microsoft.windows.common-controls_6595b64144ccf1df_6.0.16299.248_none_15ced204935f55d7\COMCTL32.dll
0x00007ff9802e0000 - 0x00007ff9805e8000 	C:\WINDOWS\System32\combase.dll
0x00007ff97e720000 - 0x00007ff97e792000 	C:\WINDOWS\System32\bcryptPrimitives.dll
0x00007ff980620000 - 0x00007ff98064d000 	C:\WINDOWS\System32\IMM32.DLL
0x00000000716d0000 - 0x00000000717a2000 	C:\Program Files\Android\Android Studio\jre\jre\bin\msvcr100.dll
0x0000000071890000 - 0x00000000720ce000 	C:\Program Files\Android\Android Studio\jre\jre\bin\server\jvm.dll
0x00007ff97f4f0000 - 0x00007ff97f4f8000 	C:\WINDOWS\System32\PSAPI.DLL
0x00007ff97c3e0000 - 0x00007ff97c3e9000 	C:\WINDOWS\SYSTEM32\WSOCK32.dll
0x00007ff9800c0000 - 0x00007ff98012c000 	C:\WINDOWS\System32\WS2_32.dll
0x00007ff979b30000 - 0x00007ff979b53000 	C:\WINDOWS\SYSTEM32\WINMM.dll
0x00007ff97b490000 - 0x00007ff97b49a000 	C:\WINDOWS\SYSTEM32\VERSION.dll
0x00007ff979ad0000 - 0x00007ff979afa000 	C:\WINDOWS\SYSTEM32\WINMMBASE.dll
0x00007ff97e840000 - 0x00007ff97e88a000 	C:\WINDOWS\System32\cfgmgr32.dll
0x00007ff96f0d0000 - 0x00007ff96f0df000 	C:\Program Files\Android\Android Studio\jre\jre\bin\verify.dll
0x00007ff95d5c0000 - 0x00007ff95d5e9000 	C:\Program Files\Android\Android Studio\jre\jre\bin\java.dll
0x00007ff963830000 - 0x00007ff963846000 	C:\Program Files\Android\Android Studio\jre\jre\bin\zip.dll
0x00007ff980700000 - 0x00007ff981b36000 	C:\WINDOWS\System32\SHELL32.dll
0x00007ff97f620000 - 0x00007ff97f6c6000 	C:\WINDOWS\System32\shcore.dll
0x00007ff97ecb0000 - 0x00007ff97f3f7000 	C:\WINDOWS\System32\windows.storage.dll
0x00007ff980280000 - 0x00007ff9802d1000 	C:\WINDOWS\System32\shlwapi.dll
0x00007ff97e2c0000 - 0x00007ff97e2d1000 	C:\WINDOWS\System32\kernel.appcore.dll
0x00007ff97e2e0000 - 0x00007ff97e32c000 	C:\WINDOWS\System32\powrprof.dll
0x00007ff97e330000 - 0x00007ff97e34b000 	C:\WINDOWS\System32\profapi.dll
0x00007ff97de00000 - 0x00007ff97de17000 	C:\WINDOWS\SYSTEM32\CRYPTSP.dll
0x00007ff97d3f0000 - 0x00007ff97d423000 	C:\WINDOWS\system32\rsaenh.dll
0x00007ff97dd30000 - 0x00007ff97dd55000 	C:\WINDOWS\SYSTEM32\bcrypt.dll
0x00007ff97e1d0000 - 0x00007ff97e1f9000 	C:\WINDOWS\SYSTEM32\USERENV.dll
0x00007ff97d9a0000 - 0x00007ff97d9ab000 	C:\WINDOWS\SYSTEM32\CRYPTBASE.dll
0x00007ff95c410000 - 0x00007ff95c42a000 	C:\Program Files\Android\Android Studio\jre\jre\bin\net.dll
0x00007ff97d7e0000 - 0x00007ff97d846000 	C:\WINDOWS\system32\mswsock.dll
0x00007ff97d570000 - 0x00007ff97d5a9000 	C:\WINDOWS\SYSTEM32\IPHLPAPI.DLL
0x00007ff981f10000 - 0x00007ff981f18000 	C:\WINDOWS\System32\NSI.dll
0x00007ff976030000 - 0x00007ff976046000 	C:\WINDOWS\SYSTEM32\dhcpcsvc6.DLL
0x00007ff975fa0000 - 0x00007ff975fba000 	C:\WINDOWS\SYSTEM32\dhcpcsvc.DLL
0x00007ff95c2d0000 - 0x00007ff95c2e1000 	C:\Program Files\Android\Android Studio\jre\jre\bin\nio.dll
0x00007ff97de20000 - 0x00007ff97dfe8000 	C:\WINDOWS\SYSTEM32\dbghelp.dll

VM Arguments:
jvm_args: -Djava.awt.headless=true -Xmx64M -Dfile.encoding=windows-1252 -Duser.country=US -Duser.language=en -Duser.variant 
java_command: com.google.devtools.build.android.desugar.Desugar --input C:\Users\Alienware\Desktop\Repositories\MVVMKotlin\app\build\intermediates\transforms\stackFramesFixer\debug\1.jar --output C:\Users\Alienware\Desktop\Repositories\MVVMKotlin\app\build\intermediates\transforms\desugar\debug\4.jar --input C:\Users\Alienware\Desktop\Repositories\MVVMKotlin\app\build\intermediates\transforms\stackFramesFixer\debug\13.jar --output C:\Users\Alienware\Desktop\Repositories\MVVMKotlin\app\build\intermediates\transforms\desugar\debug\16.jar --input C:\Users\Alienware\Desktop\Repositories\MVVMKotlin\app\build\intermediates\transforms\stackFramesFixer\debug\33.jar --output C:\Users\Alienware\Desktop\Repositories\MVVMKotlin\app\build\intermediates\transforms\desugar\debug\36.jar --input C:\Users\Alienware\Desktop\Repositories\MVVMKotlin\app\build\intermediates\transforms\stackFramesFixer\debug\42.jar --output C:\Users\Alienware\Desktop\Repositories\MVVMKotlin\app\build\intermediates\transforms\desugar\debug\45.jar --input C:\Users\Alienware\Desktop\Repositories\MVVMKotlin\app\build\intermediates\transforms\stackFramesFixer\debug\43.jar --output C:\Users\Alienware\Desktop\Repositories\MVVMKotlin\app\build\intermediates\transforms\desugar\debug\46.jar --input C:\Users\Alienware\Desktop\Repositories\MVVMKotlin\app\build\intermediates\transforms\stackFramesFixer\debug\7.jar --output C:\Users\Alienware\Desktop\Repositories\MVVMKotlin\app\build\intermediates\transforms\desugar\debug\10.jar --input C:\Users\Alienware\Desktop\Repositories\MVVMKotlin\app\build\intermediates\transforms\stackFramesFixer\debug\16.jar --output C:\Users\Alienware\Desktop\Repositories\MVVMKotlin\app\build\intermediates\transforms\desugar\debug\19.jar --input C:\Users\Alienware\Desktop\Repositories\MVVMKotlin\app\build\intermediates\transforms\stackFramesFixer\debug\35.jar --output C:\Users\Alienware\Desktop\Repositories\MVVMKotlin\app\build\intermediates\transforms\desugar\debug\38.jar --input C:\Users\
java_class_path (initial): C:\Users\Alienware\AppData\Local\Temp\desugar_deploy.jar3752893512274469957
Launcher Type: SUN_STANDARD

Environment Variables:
PATH=C:\ProgramData\Oracle\Java\javapath;C:\Program Files (x86)\Intel\iCLS Client\;C:\Program Files\Intel\iCLS Client\;C:\Windows\system32;C:\Windows;C:\Windows\System32\Wbem;C:\Windows\System32\WindowsPowerShell\v1.0\;C:\Program Files (x86)\Intel\Intel(R) Management Engine Components\DAL;C:\Program Files\Intel\Intel(R) Management Engine Components\DAL;C:\Program Files (x86)\Intel\Intel(R) Management Engine Components\IPT;C:\Program Files\Intel\Intel(R) Management Engine Components\IPT;C:\Program Files (x86)\NVIDIA Corporation\PhysX\Common;C:\Program Files\Git\cmd;C:\WINDOWS\system32;C:\WINDOWS;C:\WINDOWS\System32\Wbem;C:\WINDOWS\System32\WindowsPowerShell\v1.0\;C:\Program Files\nodejs\;C:\Program Files (x86)\Skype\Phone\;C:\ProgramData\Oracle\Java\javapath;C:\Program Files (x86)\Intel\iCLS Client\;C:\Program Files\Intel\iCLS Client\;C:\Windows\system32;C:\Windows;C:\Windows\System32\Wbem;C:\Windows\System32\WindowsPowerShell\v1.0\;C:\Program Files (x86)\Intel\Intel(R) Management Engine Components\DAL;C:\Program Files\Intel\Intel(R) Management Engine Components\DAL;C:\Program Files (x86)\Intel\Intel(R) Management Engine Components\IPT;C:\Program Files\Intel\Intel(R) Management Engine Components\IPT;C:\Program Files (x86)\NVIDIA Corporation\PhysX\Common;C:\Program Files\Git\cmd;C:\WINDOWS\system32;C:\WINDOWS;C:\WINDOWS\System32\Wbem;C:\WINDOWS\System32\WindowsPowerShell\v1.0\;C:\Program Files\nodejs\;C:\Program Files (x86)\Skype\Phone\;C:\Users\Alienware\AppData\Local\Microsoft\WindowsApps;C:\Users\Alienware\AppData\Roaming\npm;C:\Users\Alienware\AppData\Local\Turbo\Cmd\
USERNAME=Alienware
OS=Windows_NT
PROCESSOR_IDENTIFIER=Intel64 Family 6 Model 78 Stepping 3, GenuineIntel



---------------  S Y S T E M  ---------------

OS: Windows 10.0 , 64 bit Build 16299 (10.0.16299.15)

CPU:total 4 (initial active 4) (2 cores per cpu, 2 threads per core) family 6 model 78 stepping 3, cmov, cx8, fxsr, mmx, sse, sse2, sse3, ssse3, sse4.1, sse4.2, popcnt, avx, avx2, aes, clmul, erms, 3dnowpref, lzcnt, ht, tsc, tscinvbit, bmi1, bmi2, adx

Memory: 4k page, physical 16674744k(5647656k free), swap 19165112k(5199020k free)

vm_info: OpenJDK 64-Bit Server VM (25.152-b01) for windows-amd64 JRE (1.8.0_152-release-915-b01), built by "builder" with MS VC++ 10.0 (VS2010)

time: Mon Mar 05 13:46:48 2018
elapsed time: 3 seconds (0d 0h 0m 3s)

